[17:45:27] [main/INFO]: Environment: authHost='https://authserver.mojang.com', accountsHost='https://api.mojang.com', sessionHost='https://sessionserver.mojang.com', servicesHost='https://api.minecraftservices.com', name='PROD'
[17:45:27] [main/INFO]: Found new data pack file/bukkit, loading it automatically
[17:45:27] [main/INFO]: Reloading ResourceManager: Default, bukkit
[17:45:28] [Worker-Main-6/INFO]: Loaded 7 recipes
[17:45:30] [Server thread/INFO]: Starting minecraft server version 1.16.5
[17:45:30] [Server thread/INFO]: Loading properties
[17:45:30] [Server thread/INFO]: This server is running Paper version git-Paper-794 (MC: 1.16.5) (Implementing API version 1.16.5-R0.1-SNAPSHOT)
[17:45:30] [Server thread/INFO]: Debug logging is disabled
[17:45:30] [Server thread/INFO]: Server Ping Player Sample Count: 12
[17:45:30] [Server thread/INFO]: Using 4 threads for Netty based IO
[17:45:30] [Server thread/INFO]: Default game type: SURVIVAL
[17:45:30] [Server thread/INFO]: Generating keypair
[17:45:30] [Server thread/INFO]: Starting Minecraft server on *:25565
[17:45:30] [Server thread/INFO]: Using default channel type
[17:45:31] [Server thread/INFO]: [Vault] Loading Vault v1.7.3-b131
[17:45:31] [Server thread/INFO]: [PlaceholderAPI] Loading PlaceholderAPI v2.11.6
[17:45:31] [Server thread/INFO]: [ProtocolLib] Loading ProtocolLib v5.3.0
[17:45:31] [Server thread/INFO]: [SkinsRestorer] Loading SkinsRestorer v15.5.1
[17:45:31] [Server thread/INFO]: [WorldEdit] Loading WorldEdit v7.2.17+6544-56d0383
[17:45:31] [Server thread/INFO]: Got request to register class com.sk89q.worldedit.bukkit.BukkitServerInterface with WorldEdit [com.sk89q.worldedit.extension.platform.PlatformManager@3c12533d]
[17:45:31] [Server thread/INFO]: [WorldEdit] Default configuration file written: config.yml
[17:45:31] [Server thread/INFO]: [Essentials] Loading Essentials v2.21.0-dev+151-f2af952
[17:45:31] [Server thread/INFO]: Server permissions file permissions.yml is empty, ignoring it
[17:45:31] [Server thread/INFO]: [Vault] Enabling Vault v1.7.3-b131
[17:45:31] [Server thread/WARN]: [Vault] Loaded class com.earth2me.essentials.api.Economy from Essentials v2.21.0-dev+151-f2af952 which is not a depend, softdepend or loadbefore of this plugin.
[17:45:31] [Server thread/INFO]: [Vault] [Economy] Essentials Economy found: Waiting
[17:45:31] [Server thread/INFO]: [Vault] [Permission] SuperPermissions loaded as backup permission system.
[17:45:32] [Server thread/INFO]: [Vault] Enabled Version 1.7.3-b131
[17:45:32] [Server thread/INFO]: [ProtocolLib] Enabling ProtocolLib v5.3.0
[17:45:32] [Server thread/INFO]: [SkinsRestorer] Enabling SkinsRestorer v15.5.1
[17:45:32] [Server thread/WARN]: [33;1m[[32;22mSkinsRestorer[33;1m] [0;39m[33;1mYou must agree to the rules at 'commands.perSkinPermissionsConsent' in the config to use per skin permissions.[0;39m
[17:45:32] [Server thread/INFO]: [33;1m[[32;22mSkinsRestorer[33;1m] [0;39m[32;1mRunning on Minecraft [33;1m1.16.5[32;1m.[0;39m
[17:45:33] [Server thread/INFO]: [33;1m[[32;22mSkinsRestorer[33;1m] [0;39mUsing paper join listener![0;39m
[17:45:33] [Server thread/INFO]: [PlaceholderAPI] Successfully registered internal expansion: skinsrestorer [15.5.1]
[17:45:33] [Server thread/INFO]: [33;1m[[32;22mSkinsRestorer[33;1m] [0;39mPlaceholderAPI expansion registered![0;39m
[17:45:33] [Server thread/WARN]: [33;1m[[32;22mSkinsRestorer[33;1m] [0;39m[33;1m[33;1mYou are running an outdated Java version, please update it to at least Java 21 (your version is 16).[0;39m
[17:45:33] [Server thread/WARN]: [33;1m[[32;22mSkinsRestorer[33;1m] [0;39m[33;1m[33;1mSkinsRestorer no longer officially supports this version of Java, you are currently using an unsupported compatibility build.[0;39m
[17:45:33] [Server thread/WARN]: [33;1m[[32;22mSkinsRestorer[33;1m] [0;39m[33;1m[33;1mYou can still use the plugin, but you may encounter issues that are not present in newer versions of Java.[0;39m
[17:45:33] [Server thread/INFO]: [WorldEdit] Enabling WorldEdit v7.2.17+6544-56d0383
[17:45:33] [Server thread/INFO]: Registering commands with com.sk89q.worldedit.bukkit.BukkitServerInterface
[17:45:33] [Server thread/INFO]: WEPIF: Updated config file
[17:45:33] [Server thread/INFO]: WEPIF: Vault detected! Using Vault for permissions
[17:45:33] [Server thread/INFO]: Using com.sk89q.worldedit.bukkit.adapter.impl.Spigot_v1_16_R3 as the Bukkit adapter
[17:45:34] [Server thread/WARN]: **** SERVER IS RUNNING IN OFFLINE/INSECURE MODE!
[17:45:34] [Server thread/WARN]: The server will make no attempt to authenticate usernames. Beware.
[17:45:34] [Server thread/WARN]: While this makes the game possible to play without internet access, it also opens up the ability for hackers to connect with any username they choose.
[17:45:34] [Server thread/WARN]: To change this, set "online-mode" to "true" in the server.properties file.
[17:45:34] [Server thread/INFO]: Preparing level "world"
[17:45:35] [Server thread/INFO]: Preparing start region for dimension minecraft:overworld
[17:45:35] [Server thread/INFO]: Preparing spawn area: 0%
[17:45:35] [Server thread/INFO]: Time elapsed: 254 ms
[17:45:35] [Server thread/INFO]: Preparing start region for dimension minecraft:the_nether
[17:45:35] [Server thread/INFO]: Time elapsed: 160 ms
[17:45:35] [Server thread/INFO]: Preparing start region for dimension minecraft:the_end
[17:45:35] [Server thread/INFO]: Time elapsed: 95 ms
[17:45:35] [Server thread/INFO]: [PlaceholderAPI] Enabling PlaceholderAPI v2.11.6
[17:45:35] [Server thread/INFO]: [PlaceholderAPI] Fetching available expansion information...
[17:45:35] [Server thread/INFO]: [Essentials] Enabling Essentials v2.21.0-dev+151-f2af952
[17:45:35] [Server thread/WARN]: [Essentials] Beginning Adventure locale file conversion.
[17:45:36] [Server thread/INFO]: [Essentials] Creating config from template: plugins\Essentials\config.yml
[17:45:36] [Server thread/WARN]: [Essentials] Missing userdata folder, aborting
[17:45:36] [Server thread/INFO]: [Essentials] Creating config from template: plugins\Essentials\kits.yml
[17:45:36] [Server thread/INFO]: [Essentials] Attempting to convert old kits in config.yml to new kits.yml
[17:45:36] [Server thread/INFO]: [Essentials] No kits found to migrate.
[17:45:36] [Server thread/INFO]: [Essentials] Creating config from template: plugins\Essentials\tpr.yml
[17:45:36] [Server thread/INFO]: [Essentials] Starting Essentials ban format conversion
[17:45:36] [Server thread/INFO]: [Essentials] Attempting to migrate ignore list to UUIDs
[17:45:36] [Server thread/INFO]: [Essentials] Attempting to migrate legacy userdata keys to Configurate
[17:45:36] [Server thread/INFO]: [Essentials] Done converting random teleport config.
[17:45:36] [Server thread/INFO]: [Essentials] Creating config from template: plugins\Essentials\worth.yml
[17:45:36] [Server thread/INFO]: [Essentials] Loaded 43465 items from items.json.
[17:45:36] [Server thread/INFO]: [Essentials] Creating config from template: plugins\Essentials\custom_items.yml
[17:45:36] [Server thread/INFO]: [Essentials] Using locale en_US
[17:45:36] [Server thread/INFO]: [Essentials] ServerListPingEvent: Spigot iterator API
[17:45:36] [Server thread/INFO]: [Essentials] Starting Metrics. Opt-out using the global bStats config.
[17:45:36] [Server thread/INFO]: [Vault] [Economy] Essentials Economy hooked.
[17:45:36] [Server thread/INFO]: [Essentials] Using superperms-based permissions.
[17:45:36] [Server thread/INFO]: [PlaceholderAPI] Placeholder expansion registration initializing...
[17:45:36] [Server thread/INFO]: Running delayed init tasks
[17:45:36] [Server thread/INFO]: [Essentials] Essentials found a compatible payment resolution method: Vault Compatibility Layer (v1.7.3-b131)!
[17:45:36] [Craft Scheduler Thread - 6/INFO]: [Vault] Checking for Updates ... 
[17:45:36] [Server thread/INFO]: 0 placeholder hook(s) registered!
[17:45:36] [Server thread/INFO]: Done (6.867s)! For help, type "help"
[17:45:36] [Server thread/INFO]: Timings Reset
[17:45:36] [Craft Scheduler Thread - 5/INFO]: [Essentials] Fetching version information...
[17:45:37] [Craft Scheduler Thread - 6/INFO]: [Vault] No new version available
[17:45:37] [Craft Scheduler Thread - 0/INFO]: [33;1m[[32;22mSkinsRestorer[33;1m] [0;39m[32;1m----------------------------------------------[0;39m
[17:45:37] [Craft Scheduler Thread - 0/INFO]: [33;1m[[32;22mSkinsRestorer[33;1m] [0;39m[32;1m    +==================+[0;39m
[17:45:37] [Craft Scheduler Thread - 0/INFO]: [33;1m[[32;22mSkinsRestorer[33;1m] [0;39m[32;1m    |   SkinsRestorer  |[0;39m
[17:45:37] [Craft Scheduler Thread - 0/INFO]: [33;1m[[32;22mSkinsRestorer[33;1m] [0;39m[32;1m    |------------------|[0;39m
[17:45:37] [Craft Scheduler Thread - 0/INFO]: [33;1m[[32;22mSkinsRestorer[33;1m] [0;39m[32;1m    |  [34;1m[4m[21mStandalone Mode[0;39m[32;1m |[0;39m
[17:45:37] [Craft Scheduler Thread - 0/INFO]: [33;1m[[32;22mSkinsRestorer[33;1m] [0;39m[32;1m    +==================+[0;39m
[17:45:37] [Craft Scheduler Thread - 0/INFO]: [33;1m[[32;22mSkinsRestorer[33;1m] [0;39m[32;1m----------------------------------------------[0;39m
[17:45:37] [Craft Scheduler Thread - 0/INFO]: [33;1m[[32;22mSkinsRestorer[33;1m] [0;39m[36;1m    Version: [32;1m15.5.1[0;39m
[17:45:37] [Craft Scheduler Thread - 0/INFO]: [33;1m[[32;22mSkinsRestorer[33;1m] [0;39m[36;1m    Commit: [32;1md5d8613[0;39m
[17:45:37] [Craft Scheduler Thread - 0/INFO]: [33;1m[[32;22mSkinsRestorer[33;1m] [0;39m[32;1m    This is the latest version![0;39m
[17:45:37] [Craft Scheduler Thread - 0/INFO]: [33;1m[[32;22mSkinsRestorer[33;1m] [0;39m[32;1m----------------------------------------------[0;39m
[17:45:37] [Craft Scheduler Thread - 0/INFO]: [33;1m[[32;22mSkinsRestorer[33;1m] [0;39m[34;1mDo you have issues? Read our troubleshooting guide: [33;1mhttps://skinsrestorer.net/docs/troubleshooting[0;39m
[17:45:37] [Craft Scheduler Thread - 0/INFO]: [33;1m[[32;22mSkinsRestorer[33;1m] [0;39m[34;1mWant to support SkinsRestorer? Consider donating: [33;1mhttps://skinsrestorer.net/donate[0;39m
[17:49:07] [User Authenticator #1/INFO]: UUID of player Mal1koRe1ss is 3beca2f3-b179-3309-a771-e9a5d1e2f0c9
